Build started 5/10/2016 6:43:39 PM.
     1>Project "C:\Users\jchen114\Documents\Learning Game Physics Examples\FreeGLUT\VisualStudio\2010\freeglut.vcxproj" on node 5 (build target(s)).
     1>InitializeBuildStatus:
         Creating "build\Debug\Win32_v100\freeglut.unsuccessfulbuild" because "AlwaysCreate" was specified.
       ClCompile:
         All outputs are up-to-date.
       ResourceCompile:
         All outputs are up-to-date.
       ManifestResourceCompile:
         All outputs are up-to-date.
       Link:
         All outputs are up-to-date.
       Manifest:
         All outputs are up-to-date.
       FinalizeBuildStatus:
         Deleting file "build\Debug\Win32_v100\freeglut.unsuccessfulbuild".
         Touching "build\Debug\Win32_v100\freeglut.lastbuildstate".
     1>Done Building Project "C:\Users\jchen114\Documents\Learning Game Physics Examples\FreeGLUT\VisualStudio\2010\freeglut.vcxproj" (build target(s)).

Build succeeded.

Time Elapsed 00:00:00.17
