Build started 5/10/2016 1:47:50 PM.
     1>Project "C:\Users\jchen114\Documents\Learning Game Physics Examples\Chapter2.2_BasicRenderingAndLighting\Chapter2.2\Chapter2.2.vcxproj" on node 2 (build target(s)).
     1>InitializeBuildStatus:
         Creating "C:\Users\jchen114\Documents\Learning Game Physics Examples\Chapter2.2_BasicRenderingAndLighting\..\Temp\Chapter2.2Win32Debug\Chapter2.2.unsuccessfulbuild" because "AlwaysCreate" was specified.
       ClCompile:
         c:\Program Files (x86)\Microsoft Visual Studio 10.0\VC\bin\CL.exe /c /I"C:\Users\jchen114\Documents\Learning Game Physics Examples\Chapter2.2_BasicRenderingAndLighting\Chapter2.2\..\..\Bullet\src" /I"C:\Users\jchen114\Documents\Learning Game Physics Examples\Chapter2.2_BasicRenderingAndLighting\Chapter2.2\..\..\FreeGLUT\include" /ZI /nologo /W3 /WX- /Od /Oy- /D _MBCS /Gm /EHsc /RTC1 /MDd /GS /fp:precise /Zc:wchar_t /Zc:forScope /Fo"C:\Users\jchen114\Documents\Learning Game Physics Examples\Chapter2.2_BasicRenderingAndLighting\..\Temp\Chapter2.2Win32Debug\\" /Fd"C:\Users\jchen114\Documents\Learning Game Physics Examples\Chapter2.2_BasicRenderingAndLighting\..\Temp\Chapter2.2Win32Debug\vc100.pdb" /Gd /TP /analyze- /errorReport:prompt BulletOpenGLApplication.cpp
         BulletOpenGLApplication.cpp
     1>c:\users\jchen114\documents\learning game physics examples\chapter2.2_basicrenderingandlighting\chapter2.2\bulletopenglapplication.cpp(48): warning C4305: 'argument' : truncation from 'double' to 'GLclampf'
     1>c:\users\jchen114\documents\learning game physics examples\chapter2.2_basicrenderingandlighting\chapter2.2\bulletopenglapplication.cpp(48): warning C4305: 'argument' : truncation from 'double' to 'GLclampf'
     1>c:\users\jchen114\documents\learning game physics examples\chapter2.2_basicrenderingandlighting\chapter2.2\bulletopenglapplication.cpp(48): warning C4305: 'argument' : truncation from 'double' to 'GLclampf'
       Link:
         c:\Program Files (x86)\Microsoft Visual Studio 10.0\VC\bin\link.exe /ERRORREPORT:PROMPT /OUT:"C:\Users\jchen114\Documents\Learning Game Physics Examples\Chapter2.2_BasicRenderingAndLighting\..\Lib\Win32Debug\Chapter2.2.exe" /NOLOGO /LIBPATH:"C:\Users\jchen114\Documents\Learning Game Physics Examples\Chapter2.2_BasicRenderingAndLighting\Chapter2.2\..\..\Bullet\lib" /LIBPATH:"C:\Users\jchen114\Documents\Learning Game Physics Examples\Chapter2.2_BasicRenderingAndLighting\Chapter2.2\..\..\FreeGLUT\lib\x86\Debug" opengl32.lib freeglut.lib BulletDynamics_vs2010_debug.lib BulletCollision_vs2010_debug.lib LinearMath_vs2010_debug.lib kernel32.lib user32.lib gdi32.lib winspool.lib comdlg32.lib advapi32.lib shell32.lib ole32.lib oleaut32.lib uuid.lib odbc32.lib odbccp32.lib /MANIFEST /ManifestFile:"C:\Users\jchen114\Documents\Learning Game Physics Examples\Chapter2.2_BasicRenderingAndLighting\..\Temp\Chapter2.2Win32Debug\Chapter2.2.exe.intermediate.manifest" /MANIFESTUAC:"level='asInvoker' uiAccess='false'" /DEBUG /PDB:"C:\Users\jchen114\Documents\Learning Game Physics Examples\Lib\Win32Debug\Chapter2.2.pdb" /TLBID:1 /DYNAMICBASE /NXCOMPAT /IMPLIB:"C:\Users\jchen114\Documents\Learning Game Physics Examples\Chapter2.2_BasicRenderingAndLighting\..\Lib\Win32Debug\Chapter2.2.lib" /MACHINE:X86 "C:\Users\jchen114\Documents\Learning Game Physics Examples\Chapter2.2_BasicRenderingAndLighting\..\Temp\Chapter2.2Win32Debug\BulletOpenGLApplication.obj"
         "C:\Users\jchen114\Documents\Learning Game Physics Examples\Chapter2.2_BasicRenderingAndLighting\..\Temp\Chapter2.2Win32Debug\main.obj"
         LINK : C:\Users\jchen114\Documents\Learning Game Physics Examples\Chapter2.2_BasicRenderingAndLighting\..\Lib\Win32Debug\Chapter2.2.exe not found or not built by the last incremental link; performing full link
         Chapter2.2.vcxproj -> C:\Users\jchen114\Documents\Learning Game Physics Examples\Chapter2.2_BasicRenderingAndLighting\..\Lib\Win32Debug\Chapter2.2.exe
       Manifest:
         C:\Program Files (x86)\Microsoft SDKs\Windows\v7.0A\bin\mt.exe /nologo /verbose /outputresource:"C:\Users\jchen114\Documents\Learning Game Physics Examples\Chapter2.2_BasicRenderingAndLighting\..\Lib\Win32Debug\Chapter2.2.exe;#1" /manifest "C:\Users\jchen114\Documents\Learning Game Physics Examples\Chapter2.2_BasicRenderingAndLighting\..\Temp\Chapter2.2Win32Debug\Chapter2.2.exe.intermediate.manifest"
       FinalizeBuildStatus:
         Deleting file "C:\Users\jchen114\Documents\Learning Game Physics Examples\Chapter2.2_BasicRenderingAndLighting\..\Temp\Chapter2.2Win32Debug\Chapter2.2.unsuccessfulbuild".
         Touching "C:\Users\jchen114\Documents\Learning Game Physics Examples\Chapter2.2_BasicRenderingAndLighting\..\Temp\Chapter2.2Win32Debug\Chapter2.2.lastbuildstate".
     1>Done Building Project "C:\Users\jchen114\Documents\Learning Game Physics Examples\Chapter2.2_BasicRenderingAndLighting\Chapter2.2\Chapter2.2.vcxproj" (build target(s)).

Build succeeded.

Time Elapsed 00:00:02.24
